[Licensing::Module] Trying to connect to existing licensing client channel...
[Licensing::IpcConnector] Successfully connected to: "LicenseClient-liangzhihao1" at "2026-06-13T15:31:25.7489393Z"
[Licensing::Client] Code 10 while verifying Licensing Client signature (process Id: 21184, path: "C:/Program Files/Unity Hub/UnityLicensingClient_V1/Unity.Licensing.Client.exe")
[Licensing::Module] LicensingClient has failed validation; ignoring
[Licensing::Client] Handshaking with LicensingClient:
  Version:                 1.17.4+4293ba1
  Session Id:              d8c45e76ab39486ba096d84fc6b951b9
  Correlation Id:          f6a731306d8f17c25db709d1af748958
  External correlation Id: 3876555453448197055
  Machine Id:              6uSFYo60EWiAmQxS1VDnqQEDHzM=
[Licensing::Module] Successfully connected to LicensingClient on channel: "LicenseClient-liangzhihao1" (connect: 0.00s, validation: 0.01s, handshake: 0.25s)
[Licensing::IpcConnector] Successfully connected to: "LicenseClient-liangzhihao1-notifications" at "2026-06-13T15:31:26.0137507Z"
[Licensing::Module] Error: Access token is unavailable; failed to update
[Licensing::Client] Successfully updated license
Built from '2022.3/staging' branch; Version is '2022.3.62f1 (4af31df58517) revision 4911901'; Using compiler version '192829333'; Build Type 'Release'
OS: 'Windows 11  (10.0.26200) 64bit Professional' Language: 'zh' Physical Memory: 32509 MB
[Licensing::Client] Successfully resolved entitlement details
[Licensing::Module] Serial number assigned to: "18968355325831-UnityPersXXXX"
BatchMode: 1, IsHumanControllingUs: 0, StartBugReporterOnCrash: 0, Is64bit: 1, IsPro: 0
[Licensing::Client] Successfully resolved entitlement details

COMMAND LINE ARGUMENTS:
C:\Program Files\Unity\Hub\Editor\2022.3.62f1\Editor\Unity.exe
-quit
-batchmode
-projectPath
C:\Workspace\gitProject\AbilityKit\Unity
-logFile
C:\Workspace\gitProject\AbilityKit\Unity\build_errors_only.log
-buildTarget
Win64
Successfully changed project path to: C:\Workspace\gitProject\AbilityKit\Unity
C:/Workspace/gitProject/AbilityKit/Unity
It looks like another Unity instance is running with this project open.

Multiple Unity instances cannot open the same project.

Project: C:/Workspace/gitProject/AbilityKit/Unity
Fatal Error! It looks like another Unity instance is running with this project open.

Multiple Unity instances cannot open the same project.

Project: C:/Workspace/gitProject/AbilityKit/Unity
Crash!!!
SymInit: Symbol-SearchPath: 'C:/Program Files/Unity/Hub/Editor/2022.3.62f1/Editor/Data/Mono;.;C:\Workspace\gitProject\AbilityKit\Unity;C:\Workspace\gitProject\AbilityKit\Unity\Library\BurstCache\JIT;C:\Program Files\Unity\Hub\Editor\2022.3.62f1\Editor;C:\Windows;C:\Windows\system32;', symOptions: 534, UserName: 'liangzhihao1'
OS-Version: 10.0.0
C:\Program Files\Unity\Hub\Editor\2022.3.62f1\Editor\Unity.exe:Unity.exe (00007FF6769F0000), size: 83107840 (result: 0), SymType: '-deferred-', PDB: '', fileVersion: 2022.3.62.62237
C:\Windows\SYSTEM32\ntdll.dll:ntdll.dll (00007FF960BE0000), size: 2519040 (result: 0), SymType: '-deferred-', PDB: '', fileVersion: 10.0.26100.7920
C:\Windows\System32\KERNEL32.DLL:KERNEL32.DLL (00007FF95EA80000), size: 823296 (result: 0), SymType: '-deferred-', PDB: '', fileVersion: 10.0.26100.7920
C:\Windows\System32\KERNELBASE.dll:KERNELBASE.dll (00007FF95E400000), size: 4132864 (result: 0), SymType: '-deferred-', PDB: '', fileVersion: 10.0.26100.7920
C:\Windows\System32\CRYPT32.dll:CRYPT32.dll (00007FF95E800000), size: 1536000 (result: 0), SymType: '-deferred-', PDB: '', fileVersion: 10.0.26100.7309
C:\Windows\System32\ucrtbase.dll:ucrtbase.dll (00007FF95D5F0000), size: 1355776 (result: 0), SymType: '-deferred-', PDB: '', fileVersion: 10.0.26100.7623
C:\Windows\System32\USER32.dll:USER32.dll (00007FF95FBB0000), size: 1855488 (result: 0), SymType: '-deferred-', PDB: '', fileVersion: 10.0.26100.7920
C:\Program Files\Unity\Hub\Editor\2022.3.62f1\Editor\s3tcompress.dll:s3tcompress.dll (00007FF920C90000), size: 180224 (result: 0), SymType: '-deferred-', PDB: ''
C:\Program Files\Unity\Hub\Editor\2022.3.62f1\Editor\etccompress.dll:etccompress.dll (00007FF900D00000), size: 5070848 (result: 0), SymType: '-deferred-', PDB: ''
C:\Program Files\Unity\Hub\Editor\2022.3.62f1\Editor\libfbxsdk.dll:libfbxsdk.dll (00007FF9011E0000), size: 8019968 (result: 0), SymType: '-deferred-', PDB: '', fileVersion: 2020.3.7.0
C:\Windows\System32\win32u.dll:win32u.dll (00007FF95DA10000), size: 159744 (result: 0), SymType: '-deferred-', PDB: '', fileVersion: 10.0.26100.8036
C:\Windows\System32\ADVAPI32.dll:ADVAPI32.dll (00007FF95EF70000), size: 765952 (result: 0), SymType: '-deferred-', PDB: '', fileVersion: 10.0.26100.7920
C:\Windows\System32\GDI32.dll:GDI32.dll (00007FF95FA60000), size: 176128 (result: 0), SymType: '-deferred-', PDB: '', fileVersion: 10.0.26100.8036
C:\Program Files\Unity\Hub\Editor\2022.3.62f1\Editor\ispc_texcomp.dll:ispc_texcomp.dll (00007FF901FA0000), size: 1826816 (result: 0), SymType: '-deferred-', PDB: ''
C:\Program Files\Unity\Hub\Editor\2022.3.62f1\Editor\compress_bc7e.dll:compress_bc7e.dll (00007FF901E40000), size: 1433600 (result: 0), SymType: '-deferred-', PDB: ''
C:\Windows\System32\msvcrt.dll:msvcrt.dll (00007FF95EB50000), size: 692224 (result: 0), SymType: '-deferred-', PDB: '', fileVersion: 7.0.26100.7623
C:\Windows\System32\gdi32full.dll:gdi32full.dll (00007FF95D4C0000), size: 1224704 (result: 0), SymType: '-deferred-', PDB: '', fileVersion: 10.0.26100.8036
C:\Program Files\Unity\Hub\Editor\2022.3.62f1\Editor\FreeImage.dll:FreeImage.dll (0000000180000000), size: 5783552 (result: 0), SymType: '-deferred-', PDB: '', fileVersion: 3.18.0.0
C:\Windows\System32\sechost.dll:sechost.dll (00007FF95F360000), size: 684032 (result: 0), SymType: '-deferred-', PDB: '', fileVersion: 10.0.26100.7920
C:\Program Files\Unity\Hub\Editor\2022.3.62f1\Editor\WinPixEventRuntime.dll:WinPixEventRuntime.dll (00007FF928D00000), size: 45056 (result: 0), SymType: '-deferred-', PDB: '', fileVersion: 1.0.1812.6001
C:\Windows\System32\msvcp_win.dll:msvcp_win.dll (00007FF95D740000), size: 667648 (result: 0), SymType: '-deferred-', PDB: '', fileVersion: 10.0.26100.7623
C:\Windows\System32\WS2_32.dll:WS2_32.dll (00007FF95F9A0000), size: 475136 (result: 0), SymType: '-deferred-', PDB: '', fileVersion: 10.0.26100.7623
C:\Windows\System32\RPCRT4.dll:RPCRT4.dll (00007FF95FA90000), size: 1146880 (result: 0), SymType: '-deferred-', PDB: '', fileVersion: 10.0.26100.8036
C:\Windows\System32\SHELL32.dll:SHELL32.dll (00007FF9601D0000), size: 7729152 (result: 0), SymType: '-deferred-', PDB: '', fileVersion: 10.0.26100.7920
C:\Program Files\Unity\Hub\Editor\2022.3.62f1\Editor\umbraoptimizer64.dll:umbraoptimizer64.dll (00007FF900BD0000), size: 1187840 (result: 0), SymType: '-deferred-', PDB: ''
C:\Windows\System32\wintypes.dll:wintypes.dll (00007FF95D8A0000), size: 1482752 (result: 0), SymType: '-deferred-', PDB: '', fileVersion: 10.0.26100.7920
C:\Windows\System32\combase.dll:combase.dll (00007FF95FDD0000), size: 3678208 (result: 0), SymType: '-deferred-', PDB: '', fileVersion: 10.0.26100.7920
C:\Windows\SYSTEM32\MSVCP140.dll:MSVCP140.dll (00007FF84B7D0000), size: 557056 (result: 0), SymType: '-deferred-', PDB: '', fileVersion: 14.50.35719.0
C:\Windows\System32\SHLWAPI.dll:SHLWAPI.dll (00007FF960B20000), size: 421888 (result: 0), SymType: '-deferred-', PDB: '', fileVersion: 10.0.26100.7920
C:\Windows\SYSTEM32\VCRUNTIME140.dll:VCRUNTIME140.dll (00007FF921890000), size: 122880 (result: 0), SymType: '-deferred-', PDB: '', fileVersion: 14.50.35719.0
C:\Windows\SYSTEM32\VCRUNTIME140_1.dll:VCRUNTIME140_1.dll (00007FF921840000), size: 45056 (result: 0), SymType: '-deferred-', PDB: '', fileVersion: 14.50.35719.0
C:\Windows\System32\Windows.Storage.dll:Windows.Storage.dll (00007FF95DAD0000), size: 8798208 (result: 0), SymType: '-deferred-', PDB: '', fileVersion: 10.0.26100.8036
C:\Windows\System32\ole32.dll:ole32.dll (00007FF95F190000), size: 1658880 (result: 0), SymType: '-deferred-', PDB: '', fileVersion: 10.0.26100.7920
C:\Windows\System32\IMM32.dll:IMM32.dll (00007FF95FA20000), size: 200704 (result: 0), SymType: '-deferred-', PDB: '', fileVersion: 10.0.26100.7309
C:\Windows\SYSTEM32\OPENGL32.dll:OPENGL32.dll (00007FF93B000000), size: 1105920 (result: 0), SymType: '-deferred-', PDB: '', fileVersion: 10.0.26100.7920
C:\Windows\SYSTEM32\GLU32.dll:GLU32.dll (00007FF93ADD0000), size: 184320 (result: 0), SymType: '-deferred-', PDB: '', fileVersion: 10.0.26100.1150
C:\Windows\System32\SETUPAPI.dll:SETUPAPI.dll (00007FF95F510000), size: 4747264 (result: 0), SymType: '-deferred-', PDB: '', fileVersion: 10.0.26100.7920
C:\Windows\SYSTEM32\IPHLPAPI.DLL:IPHLPAPI.DLL (00007FF95BA00000), size: 208896 (result: 0), SymType: '-deferred-', PDB: '', fileVersion: 10.0.26100.7920
C:\Windows\System32\OLEAUT32.dll:OLEAUT32.dll (00007FF95F430000), size: 880640 (result: 0), SymType: '-deferred-', PDB: '', fileVersion: 10.0.26100.7920
C:\Windows\SYSTEM32\dxcore.dll:dxcore.dll (00007FF95A670000), size: 274432 (result: 0), SymType: '-deferred-', PDB: '', fileVersion: 10.0.26100.7920
C:\Windows\SYSTEM32\WINHTTP.dll:WINHTTP.dll (00007FF9578A0000), size: 1208320 (result: 0), SymType: '-deferred-', PDB: '', fileVersion: 10.0.26100.7920
C:\Windows\System32\WINTRUST.dll:WINTRUST.dll (00007FF95DA40000), size: 528384 (result: 0), SymType: '-deferred-', PDB: '', fileVersion: 10.0.26100.8036
C:\Windows\SYSTEM32\WINMM.dll:WINMM.dll (00007FF950CD0000), size: 217088 (result: 0), SymType: '-deferred-', PDB: '', fileVersion: 10.0.26100.7309
C:\Windows\SYSTEM32\bcrypt.dll:bcrypt.dll (00007FF95D3B0000), size: 172032 (result: 0), SymType: '-deferred-', PDB: '', fileVersion: 10.0.26100.7623
C:\Windows\SYSTEM32\dwmapi.dll:dwmapi.dll (00007FF959FC0000), size: 188416 (result: 0), SymType: '-deferred-', PDB: '', fileVersion: 10.0.26100.7920
C:\Windows\SYSTEM32\HID.DLL:HID.DLL (00007FF95B730000), size: 61440 (result: 0), SymType: '-deferred-', PDB: '', fileVersion: 10.0.26100.1150
C:\Program Files\Unity\Hub\Editor\2022.3.62f1\Editor\SketchUpAPI.dll:SketchUpAPI.dll (00007FF900330000), size: 8990720 (result: 0), SymType: '-deferred-', PDB: '', fileVersion: 23.0.0.0
C:\Program Files\Unity\Hub\Editor\2022.3.62f1\Editor\NativeProxyHelper.dll:NativeProxyHelper.dll (00007FF900170000), size: 1789952 (result: 0), SymType: '-deferred-', PDB: ''
C:\Windows\SYSTEM32\VERSION.dll:VERSION.dll (00007FF956E60000), size: 45056 (result: 0), SymType: '-deferred-', PDB: '', fileVersion: 10.0.26100.1150
C:\Windows\SYSTEM32\WSOCK32.dll:WSOCK32.dll (00007FF921830000), size: 40960 (result: 0), SymType: '-deferred-', PDB: '', fileVersion: 10.0.26100.1
C:\Program Files\Unity\Hub\Editor\2022.3.62f1\Editor\SketchUpCommonPreferences.dll:SketchUpCommonPreferences.dll (00007FF9000F0000), size: 499712 (result: 0), SymType: '-deferred-', PDB: '', fileVersion: 23.0.0.0
C:\Windows\SYSTEM32\Secur32.dll:Secur32.dll (00007FF959CF0000), size: 53248 (result: 0), SymType: '-deferred-', PDB: '', fileVersion: 10.0.26100.7705
C:\Windows\SYSTEM32\SSPICLI.DLL:SSPICLI.DLL (00007FF95C4F0000), size: 299008 (result: 0), SymType: '-deferred-', PDB: '', fileVersion: 10.0.26100.7920
C:\Program Files\Unity\Hub\Editor\2022.3.62f1\Editor\OpenRL.dll:OpenRL.dll (0000028938DD0000), size: 12779520 (result: 0), SymType: '-deferred-', PDB: '', fileVersion: 1.5.0.2907
C:\Windows\SYSTEM32\MSVCR100.dll:MSVCR100.dll (00000000636D0000), size: 860160 (result: 0), SymType: '-deferred-', PDB: '', fileVersion: 10.0.40219.473
C:\Windows\SYSTEM32\MSVCP100.dll:MSVCP100.dll (0000000063630000), size: 622592 (result: 0), SymType: '-deferred-', PDB: '', fileVersion: 10.0.40219.473
C:\Program Files\Unity\Hub\Editor\2022.3.62f1\Editor\embree.dll:embree.dll (00007FF8FE030000), size: 16711680 (result: 0), SymType: '-deferred-', PDB: '', fileVersion: 2.14.0.0
C:\Windows\SYSTEM32\cfgmgr32.DLL:cfgmgr32.DLL (00007FF95D030000), size: 356352 (result: 0), SymType: '-deferred-', PDB: '', fileVersion: 10.0.26100.7309
C:\Windows\SYSTEM32\MSWSOCK.DLL:MSWSOCK.DLL (00007FF95C7C0000), size: 438272 (result: 0), SymType: '-deferred-', PDB: '', fileVersion: 10.0.26100.7920
C:\Program Files\Unity\Hub\Editor\2022.3.62f1\Editor\tbb.dll:tbb.dll (00007FF90C990000), size: 413696 (result: 0), SymType: '-deferred-', PDB: '', fileVersion: 2017.0.2016.1004
C:\Windows\SYSTEM32\MSVCR120.dll:MSVCR120.dll (00007FF8FF0D0000), size: 978944 (result: 0), SymType: '-deferred-', PDB: '', fileVersion: 12.0.40664.0
C:\Windows\SYSTEM32\MSVCP120.dll:MSVCP120.dll (00007FF8FF020000), size: 679936 (result: 0), SymType: '-deferred-', PDB: '', fileVersion: 12.0.40664.0
C:\Program Files\Unity\Hub\Editor\2022.3.62f1\Editor\OpenRL_pthread.dll:OpenRL_pthread.dll (0000028939A20000), size: 61440 (result: 0), SymType: '-deferred-', PDB: '', fileVersion: 2.9.0.0
C:\Windows\SYSTEM32\MSASN1.dll:MSASN1.dll (00007FF95CB10000), size: 77824 (result: 0), SymType: '-deferred-', PDB: '', fileVersion: 10.0.26100.7623
C:\Windows\System32\bcryptprimitives.dll:bcryptprimitives.dll (00007FF95D7F0000), size: 675840 (result: 0), SymType: '-deferred-', PDB: '', fileVersion: 10.0.26100.7623
C:\Windows\SYSTEM32\kernel.appcore.dll:kernel.appcore.dll (00007FF95C250000), size: 110592 (result: 0), SymType: '-deferred-', PDB: '', fileVersion: 10.0.26100.7920
C:\Windows\system32\uxtheme.dll:uxtheme.dll (00007FF959EA0000), size: 696320 (result: 0), SymType: '-deferred-', PDB: '', fileVersion: 10.0.26100.7920
C:\Windows\System32\SHCORE.dll:SHCORE.dll (00007FF95E980000), size: 1011712 (result: 0), SymType: '-deferred-', PDB: '', fileVersion: 10.0.26100.7920
C:\Windows\SYSTEM32\profapi.dll:profapi.dll (00007FF95D3E0000), size: 167936 (result: 0), SymType: '-deferred-', PDB: '', fileVersion: 10.0.26100.7309
C:\Windows\SYSTEM32\CRYPTSP.dll:CRYPTSP.dll (00007FF95CAA0000), size: 110592 (result: 0), SymType: '-deferred-', PDB: '', fileVersion: 10.0.26100.7705
C:\Windows\system32\rsaenh.dll:rsaenh.dll (00007FF95C1B0000), size: 233472 (result: 0), SymType: '-deferred-', PDB: '', fileVersion: 10.0.26100.7705
C:\Windows\SYSTEM32\CRYPTBASE.dll:CRYPTBASE.dll (00007FF95CAC0000), size: 49152 (result: 0), SymType: '-deferred-', PDB: '', fileVersion: 10.0.26100.7623
C:\Windows\System32\imagehlp.dll:imagehlp.dll (00007FF95F330000), size: 131072 (result: 0), SymType: '-deferred-', PDB: '', fileVersion: 10.0.26100.4202
C:\Windows\SYSTEM32\gpapi.dll:gpapi.dll (00007FF95C830000), size: 196608 (result: 0), SymType: '-deferred-', PDB: '', fileVersion: 10.0.26100.7920
C:\Windows\SYSTEM32\cryptnet.dll:cryptnet.dll (00007FF9561A0000), size: 241664 (result: 0), SymType: '-deferred-', PDB: '', fileVersion: 10.0.26100.7309
C:\Windows\SYSTEM32\WINNSI.DLL:WINNSI.DLL (00007FF959E30000), size: 57344 (result: 0), SymType: '-deferred-', PDB: '', fileVersion: 10.0.26100.7920
C:\Windows\System32\NSI.dll:NSI.dll (00007FF960160000), size: 40960 (result: 0), SymType: '-deferred-', PDB: '', fileVersion: 10.0.26100.7920
C:\Windows\SYSTEM32\dhcpcsvc6.DLL:dhcpcsvc6.DLL (00007FF957C10000), size: 118784 (result: 0), SymType: '-deferred-', PDB: '', fileVersion: 10.0.26100.7920
C:\Windows\SYSTEM32\dhcpcsvc.DLL:dhcpcsvc.DLL (00007FF957BE0000), size: 143360 (result: 0), SymType: '-deferred-', PDB: '', fileVersion: 10.0.26100.7920
C:\Windows\SYSTEM32\webio.dll:webio.dll (00007FF93E0F0000), size: 827392 (result: 0), SymType: '-deferred-', PDB: '', fileVersion: 10.0.26100.7920
C:\Windows\SYSTEM32\DNSAPI.dll:DNSAPI.dll (00007FF95BA40000), size: 1220608 (result: 0), SymType: '-deferred-', PDB: '', fileVersion: 10.0.26100.7920
C:\Windows\System32\rasadhlp.dll:rasadhlp.dll (00007FF955D50000), size: 45056 (result: 0), SymType: '-deferred-', PDB: '', fileVersion: 10.0.26100.7920
C:\Windows\System32\fwpuclnt.dll:fwpuclnt.dll (00007FF958450000), size: 548864 (result: 0), SymType: '-deferred-', PDB: '', fileVersion: 10.0.26100.7920
C:\Windows\system32\IconCodecService.dll:IconCodecService.dll (00007FF90CDD0000), size: 45056 (result: 0), SymType: '-deferred-', PDB: '', fileVersion: 10.0.26100.1
C:\Windows\SYSTEM32\WindowsCodecs.dll:WindowsCodecs.dll (00007FF958A70000), size: 2281472 (result: 0), SymType: '-deferred-', PDB: '', fileVersion: 10.0.26100.7920
C:\Windows\System32\clbcatq.dll:clbcatq.dll (00007FF95EEA0000), size: 712704 (result: 0), SymType: '-deferred-', PDB: '', fileVersion: 2001.12.10941.16384
C:\Windows\System32\netprofm.dll:netprofm.dll (00007FF957810000), size: 454656 (result: 0), SymType: '-deferred-', PDB: '', fileVersion: 10.0.26100.7920
C:\Windows\System32\npmproxy.dll:npmproxy.dll (00007FF9562F0000), size: 102400 (result: 0), SymType: '-deferred-', PDB: '', fileVersion: 10.0.26100.7309
C:\Windows\SYSTEM32\dbghelp.dll:dbghelp.dll (00007FF95B0C0000), size: 2367488 (result: 0), SymType: '-deferred-', PDB: '', fileVersion: 10.0.26100.5074

========== OUTPUTTING STACK TRACE ==================

0x00007FF95E4C73FA (KERNELBASE) RaiseException
0x00007FF67868D2A0 (Unity) EditorMonoConsole::LogToConsoleImplementation
0x00007FF67868DC8C (Unity) EditorMonoConsole::LogToConsoleImplementation
0x00007FF679320A9F (Unity) DebugStringToFilePostprocessedStacktrace
0x00007FF6793201FA (Unity) DebugStringToFile
0x00007FF6787F96B7 (Unity) HandleProjectAlreadyOpenInAnotherInstance
0x00007FF6787FBC58 (Unity) Application::InitializeProject
0x00007FF678C78E55 (Unity) WinMain
0x00007FF67A03B22E (Unity) __scrt_common_main_seh
0x00007FF95EAAE8D7 (KERNEL32) BaseThreadInitThunk
0x00007FF960C6C48C (ntdll) RtlUserThreadStart

========== END OF STACKTRACE ===========

A crash has been intercepted by the crash handler. For call stack and other details, see the latest crash report generated in:
 * C:/Users/liangzhihao1/AppData/Local/Temp/Unity/Editor/Crashes
